<?xml version="1.0" encoding="UTF-8" ?>
<testsuite tests="41" failures="0" name="fr.exia.tron.entity.MapTest" time="0" errors="0" skipped="0">
  <properties>
    <property name="java.runtime.name" value="Java(TM) SE Runtime Environment"/>
    <property name="sun.boot.library.path" value="C:\Program Files\Java\jdk1.8.0_191\jre\bin"/>
    <property name="java.vm.version" value="25.191-b12"/>
    <property name="java.vm.vendor" value="Oracle Corporation"/>
    <property name="maven.multiModuleProjectDirectory" value="C:\Users\Xxvic\IdeaProjects\Projet-5-java"/>
    <property name="java.vendor.url" value="http://java.oracle.com/"/>
    <property name="path.separator" value=";"/>
    <property name="guice.disable.misplaced.annotation.check" value="true"/>
    <property name="java.vm.name" value="Java HotSpot(TM) 64-Bit Server VM"/>
    <property name="file.encoding.pkg" value="sun.io"/>
    <property name="user.script" value=""/>
    <property name="user.country" value="FR"/>
    <property name="sun.java.launcher" value="SUN_STANDARD"/>
    <property name="sun.os.patch.level" value=""/>
    <property name="java.vm.specification.name" value="Java Virtual Machine Specification"/>
    <property name="user.dir" value="C:\Users\Xxvic\IdeaProjects\Projet-5-java"/>
    <property name="java.runtime.version" value="1.8.0_191-b12"/>
    <property name="java.awt.graphicsenv" value="sun.awt.Win32GraphicsEnvironment"/>
    <property name="java.endorsed.dirs" value="C:\Program Files\Java\jdk1.8.0_191\jre\lib\endorsed"/>
    <property name="os.arch" value="amd64"/>
    <property name="java.io.tmpdir" value="C:\Users\Xxvic\AppData\Local\Temp\"/>
    <property name="line.separator" value="
"/>
    <property name="java.vm.specification.vendor" value="Oracle Corporation"/>
    <property name="user.variant" value=""/>
    <property name="os.name" value="Windows 10"/>
    <property name="classworlds.conf" value="C:\Program Files\JetBrains\IntelliJ IDEA 2019.1\plugins\maven\lib\maven3\bin\m2.conf"/>
    <property name="sun.jnu.encoding" value="Cp1252"/>
    <property name="java.library.path" value="C:\Program Files\Java\jdk1.8.0_191\bin;C:\WINDOWS\Sun\Java\bin;C:\WINDOWS\system32;C:\WINDOWS;C:\Program Files (x86)\Common Files\Oracle\Java\javapath;C:\Program Files (x86)\Intel\iCLS Client\;C:\Program Files\Intel\iCLS Client\;C:\Windows\system32;C:\Windows;C:\Windows\System32\Wbem;C:\Windows\System32\WindowsPowerShell\v1.0\;C:\Program Files (x86)\Intel\Intel(R) Management Engine Components\DAL;C:\Program Files\Intel\Intel(R) Management Engine Components\DAL;C:\Program Files (x86)\Intel\Intel(R) Management Engine Components\IPT;C:\Program Files\Intel\Intel(R) Management Engine Components\IPT;C:\Program Files\Intel\WiFi\bin\;C:\Program Files\Common Files\Intel\WirelessCommon\;C:\Program Files (x86)\NVIDIA Corporation\PhysX\Common;C:\WINDOWS\system32;C:\WINDOWS;C:\WINDOWS\System32\Wbem;C:\WINDOWS\System32\WindowsPowerShell\v1.0\;C:\WINDOWS\System32\OpenSSH\;C:\Program Files\PuTTY\;C:\Program Files\Microsoft VS Code\bin;C:\Program Files\NVIDIA Corporation\NVIDIA NvDLISR;C:\Program Files (x86)\Common Files\Adobe\AGL;C:\Android;C:\Program Files\Git\cmd;C:\Program Files\Common Files\Autodesk Shared\;C:\Program Files (x86)\Autodesk\Backburner\;C:\Users\Xxvic\AppData\Local\Microsoft\WindowsApps;C:\Users\Xxvic\AppData\Local\GitHubDesktop\bin;."/>
    <property name="java.specification.name" value="Java Platform API Specification"/>
    <property name="java.class.version" value="52.0"/>
    <property name="sun.management.compiler" value="HotSpot 64-Bit Tiered Compilers"/>
    <property name="os.version" value="10.0"/>
    <property name="user.home" value="C:\Users\Xxvic"/>
    <property name="user.timezone" value="Europe/Paris"/>
    <property name="java.awt.printerjob" value="sun.awt.windows.WPrinterJob"/>
    <property name="java.specification.version" value="1.8"/>
    <property name="file.encoding" value="UTF-8"/>
    <property name="user.name" value="Xxvic"/>
    <property name="java.class.path" value="C:\Program Files\JetBrains\IntelliJ IDEA 2019.1\plugins\maven\lib\maven3\boot\plexus-classworlds-2.5.2.jar;C:\Program Files\JetBrains\IntelliJ IDEA 2019.1\lib\idea_rt.jar"/>
    <property name="java.vm.specification.version" value="1.8"/>
    <property name="sun.arch.data.model" value="64"/>
    <property name="java.home" value="C:\Program Files\Java\jdk1.8.0_191\jre"/>
    <property name="sun.java.command" value="org.codehaus.classworlds.Launcher -Didea.version2019.1.3 surefire:test"/>
    <property name="java.specification.vendor" value="Oracle Corporation"/>
    <property name="user.language" value="fr"/>
    <property name="awt.toolkit" value="sun.awt.windows.WToolkit"/>
    <property name="idea.version2019.1.3" value="true"/>
    <property name="java.vm.info" value="mixed mode"/>
    <property name="java.version" value="1.8.0_191"/>
    <property name="java.ext.dirs" value="C:\Program Files\Java\jdk1.8.0_191\jre\lib\ext;C:\WINDOWS\Sun\Java\lib\ext"/>
    <property name="sun.boot.class.path" value="C:\Program Files\Java\jdk1.8.0_191\jre\lib\resources.jar;C:\Program Files\Java\jdk1.8.0_191\jre\lib\rt.jar;C:\Program Files\Java\jdk1.8.0_191\jre\lib\sunrsasign.jar;C:\Program Files\Java\jdk1.8.0_191\jre\lib\jsse.jar;C:\Program Files\Java\jdk1.8.0_191\jre\lib\jce.jar;C:\Program Files\Java\jdk1.8.0_191\jre\lib\charsets.jar;C:\Program Files\Java\jdk1.8.0_191\jre\lib\jfr.jar;C:\Program Files\Java\jdk1.8.0_191\jre\classes"/>
    <property name="java.vendor" value="Oracle Corporation"/>
    <property name="maven.home" value="C:\Program Files\JetBrains\IntelliJ IDEA 2019.1\plugins\maven\lib\maven3"/>
    <property name="file.separator" value="\"/>
    <property name="java.vendor.url.bug" value="http://bugreport.sun.com/bugreport/"/>
    <property name="sun.cpu.endian" value="little"/>
    <property name="sun.io.unicode.encoding" value="UnicodeLittle"/>
    <property name="sun.desktop" value="windows"/>
    <property name="sun.cpu.isalist" value="amd64"/>
  </properties>
  <testcase classname="fr.exia.tron.entity.MapTest" name="character2GoesDown" time="0"/>
  <testcase classname="fr.exia.tron.entity.MapTest" name="character2GoesLeft" time="0"/>
  <testcase classname="fr.exia.tron.entity.MapTest" name="updateMap" time="0"/>
  <testcase classname="fr.exia.tron.entity.MapTest" name="notifyObservers" time="0"/>
  <testcase classname="fr.exia.tron.entity.MapTest" name="deleteObserver" time="0"/>
  <testcase classname="fr.exia.tron.entity.MapTest" name="hasChanged" time="0"/>
  <testcase classname="fr.exia.tron.entity.MapTest" name="getOnTheMapX2Y2" time="0"/>
  <testcase classname="fr.exia.tron.entity.MapTest" name="deleteObservers" time="0"/>
  <testcase classname="fr.exia.tron.entity.MapTest" name="goesUP" time="0"/>
  <testcase classname="fr.exia.tron.entity.MapTest" name="character2GoesRight" time="0"/>
  <testcase classname="fr.exia.tron.entity.MapTest" name="getOnTheMapXY" time="0"/>
  <testcase classname="fr.exia.tron.entity.MapTest" name="getOnTheMap" time="0"/>
  <testcase classname="fr.exia.tron.entity.MapTest" name="addObserver" time="0"/>
  <testcase classname="fr.exia.tron.entity.MapTest" name="setOnTheMapX2Y2" time="0"/>
  <testcase classname="fr.exia.tron.entity.MapTest" name="setChanged" time="0"/>
  <testcase classname="fr.exia.tron.entity.MapTest" name="goesRight2" time="0"/>
  <testcase classname="fr.exia.tron.entity.MapTest" name="characterGoesRight" time="0"/>
  <testcase classname="fr.exia.tron.entity.MapTest" name="getObservable" time="0"/>
  <testcase classname="fr.exia.tron.entity.MapTest" name="countObservers" time="0"/>
  <testcase classname="fr.exia.tron.entity.MapTest" name="notifyObservers1" time="0"/>
  <testcase classname="fr.exia.tron.entity.MapTest" name="setNumberOfLives" time="0"/>
  <testcase classname="fr.exia.tron.entity.MapTest" name="setOnTheMapXY" time="0"/>
  <testcase classname="fr.exia.tron.entity.MapTest" name="goesUP2" time="0"/>
  <testcase classname="fr.exia.tron.entity.MapTest" name="setHeight" time="0"/>
  <testcase classname="fr.exia.tron.entity.MapTest" name="getHeight" time="0"/>
  <testcase classname="fr.exia.tron.entity.MapTest" name="getTimeSecond" time="0"/>
  <testcase classname="fr.exia.tron.entity.MapTest" name="characterGoesDown" time="0"/>
  <testcase classname="fr.exia.tron.entity.MapTest" name="characterGoesLeft" time="0"/>
  <testcase classname="fr.exia.tron.entity.MapTest" name="clearChanged" time="0"/>
  <testcase classname="fr.exia.tron.entity.MapTest" name="character2GoesUp" time="0"/>
  <testcase classname="fr.exia.tron.entity.MapTest" name="setLevel" time="0"/>
  <testcase classname="fr.exia.tron.entity.MapTest" name="setWidth" time="0"/>
  <testcase classname="fr.exia.tron.entity.MapTest" name="goesDown2" time="0"/>
  <testcase classname="fr.exia.tron.entity.MapTest" name="goesLeft2" time="0"/>
  <testcase classname="fr.exia.tron.entity.MapTest" name="goesRight" time="0"/>
  <testcase classname="fr.exia.tron.entity.MapTest" name="characterGoesUp" time="0"/>
  <testcase classname="fr.exia.tron.entity.MapTest" name="getNumberOfLives" time="0"/>
  <testcase classname="fr.exia.tron.entity.MapTest" name="goesDown" time="0"/>
  <testcase classname="fr.exia.tron.entity.MapTest" name="goesLeft" time="0"/>
  <testcase classname="fr.exia.tron.entity.MapTest" name="getLevel" time="0"/>
  <testcase classname="fr.exia.tron.entity.MapTest" name="getWidth" time="0"/>
</testsuite>